<?xml version="1.0" encoding="UTF-8"?>
<!-- Generated by org.testng.reporters.JUnitReportReporter -->
<testsuite hostname="Rajeshs-MacBook-Air.local" name="atlassian.UITest" tests="2" failures="0" timestamp="25 Sep 2016 10:26:58 GMT" time="115.241" errors="0">
  <testcase name="testRestrictions" time="53.853" classname="atlassian.UITest"/>
  <testcase name="createNewBlankPage" time="61.388" classname="atlassian.UITest"/>
</testsuite> <!-- atlassian.UITest -->
